
# LEARN YOU THE NODE.JS FOR MUCH WIN!

## MY FIRST I/O! (Exercise 3 of 13)


Your submission results compared to the expected:

                 ACTUAL                                 EXPECTED                
────────────────────────────────────────────────────────────────────────────────

   "14"                                ==    "14"                               
   ""                                  ==    ""                                 

────────────────────────────────────────────────────────────────────────────────

 ✓

 Submission results match expected

 ✓

 Used synchronous method: fs.readFileSync()


# PASS

 Your solution to MY FIRST I/O! passed!

 Here's the official solution in case you want to compare notes:

─────────────────────────────────────────────────────────────────────────────

    var fs = require('fs')
    
    var contents = fs.readFileSync(process.argv[2])
    var lines = contents.toString().split('\n').length - 1
    console.log(lines)
    
    // note you can avoid the .toString() by passing 'utf8' as the
    // second argument to readFileSync, then you'll get a String!
    //
    // fs.readFileSync(process.argv[2], 'utf8').split('\n').length - 1

─────────────────────────────────────────────────────────────────────────────
 You have 10 challenges left.

 Type 'learnyounode' to show the menu.

─────────────────────────────────────────────────────────────────────────────

  » To print these instructions again, run: learnyounode print
  » To execute your program in a test environment, run: learnyounode run
    program.js
  » To verify your program, run: learnyounode verify program.js
  » For help run: learnyounode help

