
# LEARN YOU THE NODE.JS FOR MUCH WIN!

## JUGGLING ASYNC (Exercise 9 of 13)


Your submission results compared to the expected:

────────────────────────────────────────────────────────────────────────────────

1.  ACTUAL:    "Trent from punchy slaps to it'll be bottle-o. We're going hoon piece of piss he hasn't got a brisvegas. "
1.  EXPECTED:  "Trent from punchy slaps to it'll be bottle-o. We're going hoon piece of piss he hasn't got a brisvegas. "

2.  ACTUAL:    "He's got a massive doovalacky where as cunning as a tucker. She'll be right jillaroo bloody trent from punchy cook. Flat out like a cook my as busy as a holden. Shazza got us some yobbo my as cunning as a dinky-di. "
2.  EXPECTED:  "He's got a massive doovalacky where as cunning as a tucker. She'll be right jillaroo bloody trent from punchy cook. Flat out like a cook my as busy as a holden. Shazza got us some yobbo my as cunning as a dinky-di. "

3.  ACTUAL:    "As stands out like show pony also as cunning as a sleepout. You little ripper bikkie no dramas grab us a cleanskin. He hasn't got a muster no worries shazza got us some boogie board. As cunning as a prezzy to lets get some bitzer. "
3.  EXPECTED:  "As stands out like show pony also as cunning as a sleepout. You little ripper bikkie no dramas grab us a cleanskin. He hasn't got a muster no worries shazza got us some boogie board. As cunning as a prezzy to lets get some bitzer. "

4.  ACTUAL:    ""
4.  EXPECTED:  ""


────────────────────────────────────────────────────────────────────────────────

 ✓

 Submission results match expected


# PASS

 Your solution to JUGGLING ASYNC passed!

 Here's the official solution in case you want to compare notes:

─────────────────────────────────────────────────────────────────────────────

    var http = require('http')
    var bl = require('bl')
    var results = []
    var count = 0
    
    function printResults () {
      for (var i = 0; i < 3; i++) {
        console.log(results[i])
      }
    }
    
    function httpGet (index) {
      http.get(process.argv[2 + index], function (response) {
        response.pipe(bl(function (err, data) {
          if (err) {
            return console.error(err)
          }
    
          results[index] = data.toString()
          count++
    
          if (count === 3) {
            printResults()
          }
        }))
      })
    }
    
    for (var i = 0; i < 3; i++) {
      httpGet(i)
    }

─────────────────────────────────────────────────────────────────────────────
 You have 4 challenges left.

 Type 'learnyounode' to show the menu.

─────────────────────────────────────────────────────────────────────────────

  » To print these instructions again, run: learnyounode print
  » To execute your program in a test environment, run: learnyounode run
    program.js
  » To verify your program, run: learnyounode verify program.js
  » For help run: learnyounode help

