
# LEARN YOU THE NODE.JS FOR MUCH WIN!

## HTTP JSON API SERVER (Exercise 13 of 13)


Your submission results compared to the expected:

────────────────────────────────────────────────────────────────────────────────

1.  ACTUAL:    "{\"hour\":19,\"minute\":20,\"second\":14}"
1.  EXPECTED:  "{\"hour\":19,\"minute\":20,\"second\":14}"

2.  ACTUAL:    "{\"unixtime\":1511299214099}"
2.  EXPECTED:  "{\"unixtime\":1511299214099}"

3.  ACTUAL:    ""
3.  EXPECTED:  ""


────────────────────────────────────────────────────────────────────────────────

 ✓

 Submission results match expected


# PASS

 Your solution to HTTP JSON API SERVER passed!

 Here's the official solution in case you want to compare notes:

─────────────────────────────────────────────────────────────────────────────

    var http = require('http')
    var url = require('url')
    
    function parsetime (time) {
      return {
        hour: time.getHours(),
        minute: time.getMinutes(),
        second: time.getSeconds()
      }
    }
    
    function unixtime (time) {
      return { unixtime: time.getTime() }
    }
    
    var server = http.createServer(function (req, res) {
      var parsedUrl = url.parse(req.url, true)
      var time = new Date(parsedUrl.query.iso)
      var result
    
      if (/^\/api\/parsetime/.test(req.url)) {
        result = parsetime(time)
      } else if (/^\/api\/unixtime/.test(req.url)) {
        result = unixtime(time)
      }
    
      if (result) {
        res.writeHead(200, { 'Content-Type': 'application/json' })
        res.end(JSON.stringify(result))
      } else {
        res.writeHead(404)
        res.end()
      }
    })
    server.listen(Number(process.argv[2]))

─────────────────────────────────────────────────────────────────────────────
 You've finished all the challenges! Hooray!

─────────────────────────────────────────────────────────────────────────────

  » To print these instructions again, run: learnyounode print
  » To execute your program in a test environment, run: learnyounode run
    program.js
  » To verify your program, run: learnyounode verify program.js
  » For help run: learnyounode help

