[00m[2m[38;5;66m
TAP version 13[00m[00m[2m[38;5;66m
# (anonymous)[00m[00m[1m[38;5;2m
ok 1 Solution loaded[00m[00m[1m[38;5;2m
ok 2 The structure is correct[00m
[00m[2m[38;5;66m
1..2[00m[00m[2m[38;5;66m
# tests 2[00m[00m[2m[38;5;66m
# pass  2[00m
[00m[2m[38;5;66m
# ok[00m


# Success!

You correctly created the variable bar, lexically scoped inside the function
foo(), great work.



-------------------------------------------------------------------------------

# Solution

For comparison, here is a possible solution, so you can compare notes:

    [94mfunction[39m [37mfoo[39m[90m([39m[90m)[39m [33m{[39m
      [32mvar[39m [37mbar[39m[90m;[39m
    [33m}[39m

# Next lesson

Execute scope-chains-closures to move on to the next lesson: Scope Chains.



