[00m[2m[38;5;66m
TAP version 13[00m[00m[2m[38;5;66m
# (anonymous)[00m[00m[1m[38;5;2m
ok 1 Solution loaded[00m[00m[1m[38;5;2m
ok 2 The structure is correct[00m
[00m[2m[38;5;66m
1..2[00m[00m[2m[38;5;66m
# tests 2[00m[00m[2m[38;5;66m
# pass  2[00m
[00m[2m[38;5;66m
# ok[00m

[0m
# Success!

You created a scope chain using lexical scoping and var statements!


[0m
[0m-------------------------------------------------------------------------------

# Solution

The scope chain you created now looks like this:

    (global)
        ↑
        |
      foo()
     var bar
        ↑
        |
       zip()
     var quux

By following the arrows, we can see zip() has access to var bar, but not the
other way around.

-------------------------------------------------------------------------------

# Next lesson

Execute scope-chains-closures to move on to the next lesson: Global Scope & Shadowing.



