[00m[2m[38;5;66m
TAP version 13[00m[00m[2m[38;5;66m
# (anonymous)[00m[00m[1m[38;5;2m
ok 1 Solution loaded[00m[00m[1m[38;5;2m
ok 2 The structure is correct[00m
[00m[2m[38;5;66m
1..2[00m[00m[2m[38;5;66m
# tests 2[00m[00m[2m[38;5;66m
# pass  2[00m
[00m[2m[38;5;66m
# ok[00m

[0m[0m
# Success!

You assigned a value to quux, even though foo() doesn't have access to the
quux inside zip().


[0m[0m
[0m[0m-------------------------------------------------------------------------------

# Solution

The scope chain of the solution looks like this:

    (global)
      quux
        ↑
        |
      foo()
     var bar
        ↑
        |
       zip()
     var quux

Following the arrows, we can see that the quux assigned inside foo() has
become globally scoped. This is a different quux from the one inside zip(),
which now shadows the globally scoped quux.

-------------------------------------------------------------------------------

# Next lesson

Execute scope-chains-closures to move on to the next lesson: Closures.



