
# JAVASCRIPTING

## VARIABLES (Exercise 2 of 19)

─────────────────────────────────────────────────────────────────────────────

# O-oh, something isn't working.

# But don't panic!

─────────────────────────────────────────────────────────────────────────────

## Check your solution:

 Solution ===================

 some string

 Your Attempt ===================

 hello

 Difference ===================

 shellome string

## Additional troubleshooting:

  » Did you type the name of the file correctly? You can check by running
    'ls introduction.js'. If you see 'ls: cannot access introduction.js: No
    such file or directory,' then perhaps the file doesn't exist, or has a
    different name, or is in a different directory.
  » Make sure you didn't omit any parens, or the compiler will not be able
    to parse it.
  » Make sure you don't have any typos in the string itself.

─────────────────────────────────────────────────────────────────────────────
 Need help? View the README for this workshop:
 (http://github.com/sethvincent/javascripting)

─────────────────────────────────────────────────────────────────────────────

  » To print these instructions again, run: javascripting print
  » To execute your program in a test environment, run: javascripting run
    program.js
  » To verify your program, run: javascripting verify program.js
  » For help run: javascripting help

─────────────────────────────────────────────────────────────────────────────
 Need help? View the README for this workshop:
 (http://github.com/sethvincent/javascripting)

─────────────────────────────────────────────────────────────────────────────

  » To print these instructions again, run: javascripting print
  » To execute your program in a test environment, run: javascripting run
    program.js
  » To verify your program, run: javascripting verify program.js
  » For help run: javascripting help

