
# JAVASCRIPTING

## REVISING STRINGS (Exercise 5 of 19)

 Here's the official solution in case you want to compare notes:

─────────────────────────────────────────────────────────────────────────────

# YES, PIZZA IS WONDERFUL.

 Well done, with that .replace() method!

 Next we will explore numbers.

 Run javascripting in the console to choose the next challenge.

─────────────────────────────────────────────────────────────────────────────
 You have 14 challenges left.

 Type 'javascripting' to show the menu.

─────────────────────────────────────────────────────────────────────────────
 Need help? View the README for this workshop:
 (http://github.com/sethvincent/javascripting)

─────────────────────────────────────────────────────────────────────────────

  » To print these instructions again, run: javascripting print
  » To execute your program in a test environment, run: javascripting run
    program.js
  » To verify your program, run: javascripting verify program.js
  » For help run: javascripting help

